

Microchip MPLAB XC8 Assembler V2.45 build 20230818022343 
                                                                                               Fri Nov 17 09:56:28 2023

Microchip MPLAB XC8 C Compiler v2.45 (Free license) build 20230818022343 Og1 
     1                           	processor	16F877A
     2                           	pagewidth 120
     3                           	opt	flic
     4                           	psect	cinit,global,class=CODE,merge=1,delta=2
     5                           	psect	cstackCOMMON,global,class=COMMON,space=1,delta=1,noexec
     6                           	psect	maintext,global,class=CODE,split=1,delta=2
     7                           	psect	text1,local,class=CODE,merge=1,delta=2
     8                           	psect	text2,local,class=CODE,merge=1,delta=2
     9                           	psect	config,global,abs,ovrld,class=CONFIG,space=4,delta=2,noexec
    10                           	dabs	1,0x7E,2
    11     0000                     
    12                           ; Generated 12/10/2023 GMT
    13                           ; 
    14                           ; Copyright © 2023, Microchip Technology Inc. and its subsidiaries ("Microchip")
    15                           ; All rights reserved.
    16                           ; 
    17                           ; This software is developed by Microchip Technology Inc. and its subsidiaries ("Microch
      +                          ip").
    18                           ; 
    19                           ; Redistribution and use in source and binary forms, with or without modification, are
    20                           ; permitted provided that the following conditions are met:
    21                           ; 
    22                           ;     1. Redistributions of source code must retain the above copyright notice, this lis
      +                          t of
    23                           ;        conditions and the following disclaimer.
    24                           ; 
    25                           ;     2. Redistributions in binary form must reproduce the above copyright notice, this 
      +                          list
    26                           ;        of conditions and the following disclaimer in the documentation and/or other
    27                           ;        materials provided with the distribution. Publication is not required when
    28                           ;        this file is used in an embedded application.
    29                           ; 
    30                           ;     3. Microchip's name may not be used to endorse or promote products derived from th
      +                          is
    31                           ;        software without specific prior written permission.
    32                           ; 
    33                           ; THIS SOFTWARE IS PROVIDED BY MICROCHIP "AS IS" AND ANY EXPRESS OR IMPLIED WARRANTIES,
    34                           ; INCLUDING, BUT NOT LIMITED TO, THE IMPLIED WARRANTIES OF MERCHANTABILITY AND FITNESS F
      +                          OR
    35                           ; PURPOSE ARE DISCLAIMED.  IN NO EVENT SHALL MICROCHIP BE LIABLE FOR ANY DIRECT, INDIREC
      +                          T,
    36                           ; INCIDENTAL, SPECIAL, EXEMPLARY, OR CONSEQUENTIAL DAMAGES (INCLUDING BUT NOT LIMITED TO
    37                           ; PROCUREMENT OF SUBSTITUTE GOODS OR SERVICES; LOSS OF USE, DATA OR PROFITS; OR BUSINESS
    38                           ; INTERRUPTION) HOWSOEVER CAUSED AND ON ANY THEORY OF LIABILITY, WHETHER IN CONTRACT, ST
      +                          RICT
    39                           ; LIABILITY, OR TORT (INCLUDING NEGLIGENCE OR OTHERWISE) ARISING IN ANY WAY OUT OF THE U
      +                          SE OF
    40                           ; THIS SOFTWARE, EVEN IF ADVISED OF THE POSSIBILITY OF SUCH DAMAGE.
    41                           ; 
    42                           ; 
    43                           ; Code-generator required, PIC16F877A Definitions
    44                           ; 
    45                           ; SFR Addresses
    46     0000                     	;# 
    47     0001                     	;# 
    48     0002                     	;# 
    49     0003                     	;# 
    50     0004                     	;# 
    51     0005                     	;# 
    52     0006                     	;# 
    53     0007                     	;# 
    54     0008                     	;# 
    55     0009                     	;# 
    56     000A                     	;# 
    57     000B                     	;# 
    58     000C                     	;# 
    59     000D                     	;# 
    60     000E                     	;# 
    61     000E                     	;# 
    62     000F                     	;# 
    63     0010                     	;# 
    64     0011                     	;# 
    65     0012                     	;# 
    66     0013                     	;# 
    67     0014                     	;# 
    68     0015                     	;# 
    69     0015                     	;# 
    70     0016                     	;# 
    71     0017                     	;# 
    72     0018                     	;# 
    73     0019                     	;# 
    74     001A                     	;# 
    75     001B                     	;# 
    76     001B                     	;# 
    77     001C                     	;# 
    78     001D                     	;# 
    79     001E                     	;# 
    80     001F                     	;# 
    81     0081                     	;# 
    82     0085                     	;# 
    83     0086                     	;# 
    84     0087                     	;# 
    85     0088                     	;# 
    86     0089                     	;# 
    87     008C                     	;# 
    88     008D                     	;# 
    89     008E                     	;# 
    90     0091                     	;# 
    91     0092                     	;# 
    92     0093                     	;# 
    93     0094                     	;# 
    94     0098                     	;# 
    95     0099                     	;# 
    96     009C                     	;# 
    97     009D                     	;# 
    98     009E                     	;# 
    99     009F                     	;# 
   100     010C                     	;# 
   101     010D                     	;# 
   102     010E                     	;# 
   103     010F                     	;# 
   104     018C                     	;# 
   105     018D                     	;# 
   106     0000                     	;# 
   107     0001                     	;# 
   108     0002                     	;# 
   109     0003                     	;# 
   110     0004                     	;# 
   111     0005                     	;# 
   112     0006                     	;# 
   113     0007                     	;# 
   114     0008                     	;# 
   115     0009                     	;# 
   116     000A                     	;# 
   117     000B                     	;# 
   118     000C                     	;# 
   119     000D                     	;# 
   120     000E                     	;# 
   121     000E                     	;# 
   122     000F                     	;# 
   123     0010                     	;# 
   124     0011                     	;# 
   125     0012                     	;# 
   126     0013                     	;# 
   127     0014                     	;# 
   128     0015                     	;# 
   129     0015                     	;# 
   130     0016                     	;# 
   131     0017                     	;# 
   132     0018                     	;# 
   133     0019                     	;# 
   134     001A                     	;# 
   135     001B                     	;# 
   136     001B                     	;# 
   137     001C                     	;# 
   138     001D                     	;# 
   139     001E                     	;# 
   140     001F                     	;# 
   141     0081                     	;# 
   142     0085                     	;# 
   143     0086                     	;# 
   144     0087                     	;# 
   145     0088                     	;# 
   146     0089                     	;# 
   147     008C                     	;# 
   148     008D                     	;# 
   149     008E                     	;# 
   150     0091                     	;# 
   151     0092                     	;# 
   152     0093                     	;# 
   153     0094                     	;# 
   154     0098                     	;# 
   155     0099                     	;# 
   156     009C                     	;# 
   157     009D                     	;# 
   158     009E                     	;# 
   159     009F                     	;# 
   160     010C                     	;# 
   161     010D                     	;# 
   162     010E                     	;# 
   163     010F                     	;# 
   164     018C                     	;# 
   165     018D                     	;# 
   166     0007                     _PORTC	set	7
   167     0087                     _TRISC	set	135
   168                           
   169                           	psect	cinit
   170     07FC                     start_initialization:	
   171                           ; #config settings
   172                           
   173     07FC                     __initialization:
   174     07FC                     end_of_initialization:	
   175                           ;End of C runtime variable initialization code
   176                           
   177     07FC                     __end_of__initialization:
   178     07FC  0183               	clrf	3
   179     07FD  120A  118A  2FC7   	ljmp	_main	;jump to C main() function
   180                           
   181                           	psect	cstackCOMMON
   182     0070                     __pcstackCOMMON:
   183     0070                     ?_init_config:
   184     0070                     ??_init_config:	
   185                           ; 1 bytes @ 0x0
   186                           
   187     0070                     ?_display:	
   188                           ; 1 bytes @ 0x0
   189                           
   190     0070                     ??_display:	
   191                           ; 1 bytes @ 0x0
   192                           
   193     0070                     ?_main:	
   194                           ; 1 bytes @ 0x0
   195                           
   196                           
   197                           ; 1 bytes @ 0x0
   198     0070                     	ds	3
   199     0073                     display@i:
   200                           
   201                           ; 2 bytes @ 0x3
   202     0073                     	ds	2
   203     0075                     ??_main:
   204                           
   205                           	psect	maintext
   206     07C7                     __pmaintext:	
   207                           ; 1 bytes @ 0x5
   208 ;;
   209 ;;Main: autosize = 0, tempsize = 0, incstack = 0, save=0
   210 ;;
   211 ;; *************** function _main *****************
   212 ;; Defined at:
   213 ;;		line 28 in file "main.c"
   214 ;; Parameters:    Size  Location     Type
   215 ;;		None
   216 ;; Auto vars:     Size  Location     Type
   217 ;;		None
   218 ;; Return value:  Size  Location     Type
   219 ;;                  1    wreg      void 
   220 ;; Registers used:
   221 ;;		wreg, status,2, status,0, btemp+1, pclath, cstack
   222 ;; Tracked objects:
   223 ;;		On entry : B00/0
   224 ;;		On exit  : 0/0
   225 ;;		Unchanged: 0/0
   226 ;; Data sizes:     COMMON   BANK0   BANK1   BANK3   BANK2
   227 ;;      Params:         0       0       0       0       0
   228 ;;      Locals:         0       0       0       0       0
   229 ;;      Temps:          0       0       0       0       0
   230 ;;      Totals:         0       0       0       0       0
   231 ;;Total ram usage:        0 bytes
   232 ;; Hardware stack levels required when called: 1
   233 ;; This function calls:
   234 ;;		_display
   235 ;;		_init_config
   236 ;; This function is called by:
   237 ;;		Startup code after reset
   238 ;; This function uses a non-reentrant model
   239 ;;
   240                           
   241     07C7                     _main:	
   242                           ;psect for function _main
   243                           
   244     07C7                     l578:	
   245                           ;incstack = 0
   246                           ; Regs used in _main: [wreg+status,2+status,0+btemp+1+pclath+cstack]
   247                           
   248                           
   249                           ;main.c: 29:     init_config();
   250     07C7  120A  118A  27C0  120A  118A  	fcall	_init_config
   251     07CC                     l580:
   252                           
   253                           ;main.c: 32:         display();
   254     07CC  120A  118A  27D5  120A  118A  	fcall	_display
   255     07D1  2FCC               	goto	l580
   256     07D2  120A  118A  2800   	ljmp	start
   257     07D5                     __end_of_main:
   258                           
   259                           	psect	text1
   260     07C0                     __ptext1:	
   261 ;; *************** function _init_config *****************
   262 ;; Defined at:
   263 ;;		line 10 in file "main.c"
   264 ;; Parameters:    Size  Location     Type
   265 ;;		None
   266 ;; Auto vars:     Size  Location     Type
   267 ;;		None
   268 ;; Return value:  Size  Location     Type
   269 ;;                  1    wreg      void 
   270 ;; Registers used:
   271 ;;		status,2
   272 ;; Tracked objects:
   273 ;;		On entry : 0/0
   274 ;;		On exit  : 0/0
   275 ;;		Unchanged: 0/0
   276 ;; Data sizes:     COMMON   BANK0   BANK1   BANK3   BANK2
   277 ;;      Params:         0       0       0       0       0
   278 ;;      Locals:         0       0       0       0       0
   279 ;;      Temps:          0       0       0       0       0
   280 ;;      Totals:         0       0       0       0       0
   281 ;;Total ram usage:        0 bytes
   282 ;; Hardware stack levels used: 1
   283 ;; This function calls:
   284 ;;		Nothing
   285 ;; This function is called by:
   286 ;;		_main
   287 ;; This function uses a non-reentrant model
   288 ;;
   289                           
   290     07C0                     _init_config:	
   291                           ;psect for function _init_config
   292                           
   293     07C0                     l566:	
   294                           ;incstack = 0
   295                           ; Regs used in _init_config: [status,2]
   296                           
   297                           
   298                           ;main.c: 12:     TRISC=0x00;
   299     07C0  1683               	bsf	3,5	;RP0=1, select bank1
   300     07C1  1303               	bcf	3,6	;RP1=0, select bank1
   301     07C2  0187               	clrf	7	;volatile
   302                           
   303                           ;main.c: 13:     PORTC=0x00;
   304     07C3  1283               	bcf	3,5	;RP0=0, select bank0
   305     07C4  1303               	bcf	3,6	;RP1=0, select bank0
   306     07C5  0187               	clrf	7	;volatile
   307     07C6                     l9:
   308     07C6  0008               	return
   309     07C7                     __end_of_init_config:
   310                           
   311                           	psect	text2
   312     07D5                     __ptext2:	
   313 ;; *************** function _display *****************
   314 ;; Defined at:
   315 ;;		line 17 in file "main.c"
   316 ;; Parameters:    Size  Location     Type
   317 ;;		None
   318 ;; Auto vars:     Size  Location     Type
   319 ;;  i               2    3[COMMON] int 
   320 ;; Return value:  Size  Location     Type
   321 ;;                  1    wreg      void 
   322 ;; Registers used:
   323 ;;		wreg, status,2, btemp+1
   324 ;; Tracked objects:
   325 ;;		On entry : 0/0
   326 ;;		On exit  : 0/0
   327 ;;		Unchanged: 0/0
   328 ;; Data sizes:     COMMON   BANK0   BANK1   BANK3   BANK2
   329 ;;      Params:         0       0       0       0       0
   330 ;;      Locals:         2       0       0       0       0
   331 ;;      Temps:          3       0       0       0       0
   332 ;;      Totals:         5       0       0       0       0
   333 ;;Total ram usage:        5 bytes
   334 ;; Hardware stack levels used: 1
   335 ;; This function calls:
   336 ;;		Nothing
   337 ;; This function is called by:
   338 ;;		_main
   339 ;; This function uses a non-reentrant model
   340 ;;
   341                           
   342     07D5                     _display:	
   343                           ;psect for function _display
   344                           
   345     07D5                     l568:	
   346                           ;incstack = 0
   347                           ; Regs used in _display: [wreg+status,2+btemp+1]
   348                           
   349                           
   350                           ;main.c: 19:     int i ;;main.c: 20:     for(i=0;i<10;i++)
   351     07D5  01F3               	clrf	display@i
   352     07D6  01F4               	clrf	display@i+1
   353     07D7                     l574:
   354                           
   355                           ;main.c: 21:     {;main.c: 22:         PORTC=i;
   356     07D7  0873               	movf	display@i,w
   357     07D8  1283               	bcf	3,5	;RP0=0, select bank0
   358     07D9  1303               	bcf	3,6	;RP1=0, select bank0
   359     07DA  0087               	movwf	7	;volatile
   360                           
   361                           ;main.c: 23:         _delay((unsigned long)((1000)*(20000000/4000.0)));
   362     07DB  301A               	movlw	26
   363     07DC  00F2               	movwf	??_display+2
   364     07DD  305E               	movlw	94
   365     07DE  00F1               	movwf	??_display+1
   366     07DF  306E               	movlw	110
   367     07E0  00F0               	movwf	??_display
   368     07E1                     u27:
   369     07E1  0BF0               	decfsz	??_display,f
   370     07E2  2FE1               	goto	u27
   371     07E3  0BF1               	decfsz	??_display+1,f
   372     07E4  2FE1               	goto	u27
   373     07E5  0BF2               	decfsz	??_display+2,f
   374     07E6  2FE1               	goto	u27
   375     07E7  0000               	nop
   376                           
   377                           ;main.c: 24:     }
   378     07E8  3001               	movlw	1
   379     07E9  07F3               	addwf	display@i,f
   380     07EA  1803               	skipnc
   381     07EB  0AF4               	incf	display@i+1,f
   382     07EC  3000               	movlw	0
   383     07ED  07F4               	addwf	display@i+1,f
   384     07EE                     l576:
   385     07EE  0874               	movf	display@i+1,w
   386     07EF  3A80               	xorlw	128
   387     07F0  00FF               	movwf	btemp+1
   388     07F1  3080               	movlw	128
   389     07F2  027F               	subwf	btemp+1,w
   390     07F3  1D03               	skipz
   391     07F4  2FF7               	goto	u15
   392     07F5  300A               	movlw	10
   393     07F6  0273               	subwf	display@i,w
   394     07F7                     u15:
   395     07F7  1C03               	skipc
   396     07F8  2FFA               	goto	u11
   397     07F9  2FFB               	goto	u10
   398     07FA                     u11:
   399     07FA  2FD7               	goto	l574
   400     07FB                     u10:
   401     07FB                     l14:
   402     07FB  0008               	return
   403     07FC                     __end_of_display:
   404     007E                     btemp	set	126	;btemp
   405     007E                     wtemp0	set	126
   406                           
   407                           	psect	config
   408                           
   409                           ;Config register CONFIG @ 0x2007
   410                           ;	Oscillator Selection bits
   411                           ;	FOSC = HS, HS oscillator
   412                           ;	Watchdog Timer Enable bit
   413                           ;	WDTE = OFF, WDT disabled
   414                           ;	Power-up Timer Enable bit
   415                           ;	PWRTE = OFF, PWRT disabled
   416                           ;	Brown-out Reset Enable bit
   417                           ;	BOREN = ON, BOR enabled
   418                           ;	Low-Voltage (Single-Supply) In-Circuit Serial Programming Enable bit
   419                           ;	LVP = OFF, RB3 is digital I/O, HV on MCLR must be used for programming
   420                           ;	Data EEPROM Memory Code Protection bit
   421                           ;	CPD = OFF, Data EEPROM code protection off
   422                           ;	Flash Program Memory Write Enable bits
   423                           ;	WRT = OFF, Write protection off; all program memory may be written to by EECON control
   424                           ;	In-Circuit Debugger Mode bit
   425                           ;	DEBUG = 0x1, unprogrammed default
   426                           ;	Flash Program Memory Code Protection bit
   427                           ;	CP = OFF, Code protection off
   428     2007                     	org	8199
   429     2007  3F7A               	dw	16250

Data Sizes:
    Strings     0
    Constant    0
    Data        0
    BSS         0
    Persistent  0
    Stack       0

Auto Spaces:
    Space          Size  Autos    Used
    COMMON           14      5       5
    BANK0            80      0       0
    BANK1            80      0       0
    BANK3            96      0       0
    BANK2            96      0       0

Pointer List with Targets:

    None.

Critical Paths under _main in COMMON

    _main->_display

Critical Paths under _main in BANK0

    None.

Critical Paths under _main in BANK1

    None.

Critical Paths under _main in BANK3

    None.

Critical Paths under _main in BANK2

    None.

Call Graph Tables:

 ---------------------------------------------------------------------------------
 (Depth) Function   	        Calls       Base Space   Used Autos Params    Refs
 ---------------------------------------------------------------------------------
 (0) _main                                                 0     0      0      45
                            _display
                        _init_config
 ---------------------------------------------------------------------------------
 (1) _init_config                                          0     0      0       0
 ---------------------------------------------------------------------------------
 (1) _display                                              5     5      0      45
                                              0 COMMON     5     5      0
 ---------------------------------------------------------------------------------
 Estimated maximum stack depth 1
 ---------------------------------------------------------------------------------

 Call Graph Graphs:

 _main (ROOT)
   _display
   _init_config

 Address spaces:
Name               Size   Autos  Total    Cost      Usage
BITCOMMON            E      0       0       0        0.0%
EEDATA             100      0       0       0        0.0%
NULL                 0      0       0       0        0.0%
CODE                 0      0       0       0        0.0%
COMMON               E      5       5       1       35.7%
BITSFR0              0      0       0       1        0.0%
SFR0                 0      0       0       1        0.0%
BITSFR1              0      0       0       2        0.0%
SFR1                 0      0       0       2        0.0%
STACK                0      0       0       2        0.0%
ABS                  0      0       0       3        0.0%
BITBANK0            50      0       0       4        0.0%
BITSFR3              0      0       0       4        0.0%
SFR3                 0      0       0       4        0.0%
BANK0               50      0       0       5        0.0%
BITSFR2              0      0       0       5        0.0%
SFR2                 0      0       0       5        0.0%
BITBANK1            50      0       0       6        0.0%
BANK1               50      0       0       7        0.0%
BITBANK3            60      0       0       8        0.0%
BANK3               60      0       0       9        0.0%
BITBANK2            60      0       0      10        0.0%
BANK2               60      0       0      11        0.0%
DATA                 0      0       0      12        0.0%


Microchip Technology PIC Macro Assembler V2.45 build 20230818022343 
Symbol Table                                                                                   Fri Nov 17 09:56:28 2023

                      l9 07C6                       l14 07FB                       u10 07FB  
                     u11 07FA                       u15 07F7                       u27 07E1  
                    l580 07CC                      l574 07D7                      l566 07C0  
                    l576 07EE                      l568 07D5                      l578 07C7  
                   _main 07C7                     btemp 007E                     start 0000  
                  ?_main 0070             ?_init_config 0070                    _PORTC 0007  
                  _TRISC 0087          __end_of_display 07FC                    status 0003  
                  wtemp0 007E          __initialization 07FC             __end_of_main 07D5  
                 ??_main 0075                ??_display 0070  __end_of__initialization 07FC  
         __pcstackCOMMON 0070               __pmaintext 07C7                  __ptext1 07C0  
                __ptext2 07D5                  _display 07D5     end_of_initialization 07FC  
    start_initialization 07FC            ??_init_config 0070                ___latbits 0002  
               ?_display 0070      __end_of_init_config 07C7              _init_config 07C0  
               display@i 0073  
